2020-12-15 13:16:48,246 - D:/Codes/pycharm/PR_HW/Bayesian.py[line:52] - INFO: ====== training start ======
2020-12-15 13:16:51,953 - D:/Codes/pycharm/PR_HW/Bayesian.py[line:70] - INFO: ====== training over ======
2020-12-15 13:16:51,954 - D:/Codes/pycharm/PR_HW/Bayesian.py[line:77] - INFO: ====== testing start ======
2020-12-15 13:16:52,194 - D:/Codes/pycharm/PR_HW/Bayesian.py[line:112] - DEBUG: result of the picture is: {'0': 204.6991424560547, '1': 247.69100952148438, '2': 251.308837890625, '3': 212.97947692871094, '4': 204.9176025390625, '5': 240.4832000732422, '6': 229.84451293945312, '7': 218.29673767089844, '8': 230.54928588867188, '9': 220.93524169921875}
2020-12-15 13:16:52,214 - D:/Codes/pycharm/PR_HW/Bayesian.py[line:80] - INFO: true:0|pred:2|result:False
2020-12-15 13:16:52,367 - D:/Codes/pycharm/PR_HW/Bayesian.py[line:112] - DEBUG: result of the picture is: {'0': 184.54766845703125, '1': 112.4315185546875, '2': 90.60939025878906, '3': 101.76060485839844, '4': 79.4450454711914, '5': 130.06480407714844, '6': 147.3532257080078, '7': 111.41158294677734, '8': 93.45413970947266, '9': 98.50849914550781}
2020-12-15 13:16:52,367 - D:/Codes/pycharm/PR_HW/Bayesian.py[line:80] - INFO: true:0|pred:0|result:True
2020-12-15 13:16:52,526 - D:/Codes/pycharm/PR_HW/Bayesian.py[line:112] - DEBUG: result of the picture is: {'0': 164.17388916015625, '1': 40.03204345703125, '2': 69.12509155273438, '3': 105.13333129882812, '4': 35.49552917480469, '5': 122.51974487304688, '6': 137.7236328125, '7': 56.89866638183594, '8': 81.75823211669922, '9': 47.981285095214844}
2020-12-15 13:16:52,527 - D:/Codes/pycharm/PR_HW/Bayesian.py[line:80] - INFO: true:0|pred:0|result:True
2020-12-15 13:16:52,669 - D:/Codes/pycharm/PR_HW/Bayesian.py[line:112] - DEBUG: result of the picture is: {'0': 205.6571807861328, '1': 87.20800018310547, '2': 148.4976806640625, '3': 166.58294677734375, '4': 132.8723602294922, '5': 158.95635986328125, '6': 181.01171875, '7': 127.18704223632812, '8': 168.0345458984375, '9': 147.26173400878906}
2020-12-15 13:16:52,670 - D:/Codes/pycharm/PR_HW/Bayesian.py[line:80] - INFO: true:0|pred:0|result:True
2020-12-15 13:16:52,811 - D:/Codes/pycharm/PR_HW/Bayesian.py[line:112] - DEBUG: result of the picture is: {'0': 48.61363983154297, '1': -12.399106979370117, '2': -0.5563932061195374, '3': 16.429210662841797, '4': 45.33219528198242, '5': 14.62093448638916, '6': 44.722713470458984, '7': -24.88872528076172, '8': -23.912771224975586, '9': -32.08507537841797}
2020-12-15 13:16:52,811 - D:/Codes/pycharm/PR_HW/Bayesian.py[line:80] - INFO: true:0|pred:0|result:True
2020-12-15 13:16:52,947 - D:/Codes/pycharm/PR_HW/Bayesian.py[line:112] - DEBUG: result of the picture is: {'0': 244.61288452148438, '1': 102.42218017578125, '2': 122.33063507080078, '3': 157.63082885742188, '4': 86.0017318725586, '5': 186.0565948486328, '6': 198.08680725097656, '7': 117.48770904541016, '8': 140.65841674804688, '9': 103.53241729736328}
2020-12-15 13:16:52,947 - D:/Codes/pycharm/PR_HW/Bayesian.py[line:80] - INFO: true:0|pred:0|result:True
2020-12-15 13:16:53,094 - D:/Codes/pycharm/PR_HW/Bayesian.py[line:112] - DEBUG: result of the picture is: {'0': 261.6068420410156, '1': 148.60377502441406, '2': 144.5863494873047, '3': 163.44259643554688, '4': 109.50240325927734, '5': 204.18185424804688, '6': 206.53663635253906, '7': 155.05657958984375, '8': 146.0473175048828, '9': 139.35321044921875}
2020-12-15 13:16:53,094 - D:/Codes/pycharm/PR_HW/Bayesian.py[line:80] - INFO: true:0|pred:0|result:True
2020-12-15 13:16:53,255 - D:/Codes/pycharm/PR_HW/Bayesian.py[line:112] - DEBUG: result of the picture is: {'0': 58.64363098144531, '1': 39.03287887573242, '2': 51.04719924926758, '3': 74.43865203857422, '4': 32.129539489746094, '5': 74.87588500976562, '6': 35.401153564453125, '7': 3.3777503967285156, '8': 48.75014877319336, '9': 5.060885429382324}
2020-12-15 13:16:53,255 - D:/Codes/pycharm/PR_HW/Bayesian.py[line:80] - INFO: true:0|pred:5|result:False
2020-12-15 13:16:53,419 - D:/Codes/pycharm/PR_HW/Bayesian.py[line:112] - DEBUG: result of the picture is: {'0': 226.62738037109375, '1': 74.09654235839844, '2': 91.50831604003906, '3': 99.58077239990234, '4': 110.80516815185547, '5': 124.97429656982422, '6': 160.9511260986328, '7': 104.20169830322266, '8': 104.7804946899414, '9': 107.81355285644531}
2020-12-15 13:16:53,419 - D:/Codes/pycharm/PR_HW/Bayesian.py[line:80] - INFO: true:0|pred:0|result:True
2020-12-15 13:16:53,567 - D:/Codes/pycharm/PR_HW/Bayesian.py[line:112] - DEBUG: result of the picture is: {'0': 208.4260711669922, '1': 108.74773406982422, '2': 162.0111541748047, '3': 143.46517944335938, '4': 154.7060089111328, '5': 138.11160278320312, '6': 160.07269287109375, '7': 151.64854431152344, '8': 143.01760864257812, '9': 141.109130859375}
2020-12-15 13:16:53,568 - D:/Codes/pycharm/PR_HW/Bayesian.py[line:80] - INFO: true:0|pred:0|result:True
2020-12-15 13:16:53,727 - D:/Codes/pycharm/PR_HW/Bayesian.py[line:112] - DEBUG: result of the picture is: {'0': 230.8097381591797, '1': 349.0564880371094, '2': 278.7247009277344, '3': 262.943603515625, '4': 238.65245056152344, '5': 258.00360107421875, '6': 260.9106140136719, '7': 302.8613586425781, '8': 255.6998291015625, '9': 285.63751220703125}
2020-12-15 13:16:53,727 - D:/Codes/pycharm/PR_HW/Bayesian.py[line:80] - INFO: true:1|pred:1|result:True
2020-12-15 13:16:53,886 - D:/Codes/pycharm/PR_HW/Bayesian.py[line:112] - DEBUG: result of the picture is: {'0': 232.75961303710938, '1': 358.68951416015625, '2': 283.84710693359375, '3': 269.320068359375, '4': 248.94126892089844, '5': 261.0373229980469, '6': 263.2482604980469, '7': 310.8917541503906, '8': 252.92660522460938, '9': 288.8915710449219}
2020-12-15 13:16:53,887 - D:/Codes/pycharm/PR_HW/Bayesian.py[line:80] - INFO: true:1|pred:1|result:True
2020-12-15 13:16:54,034 - D:/Codes/pycharm/PR_HW/Bayesian.py[line:112] - DEBUG: result of the picture is: {'0': 254.05288696289062, '1': 238.9315185546875, '2': 240.25645446777344, '3': 228.53810119628906, '4': 169.7843780517578, '5': 257.25701904296875, '6': 270.564453125, '7': 218.4943389892578, '8': 236.4340362548828, '9': 203.3731689453125}
2020-12-15 13:16:54,034 - D:/Codes/pycharm/PR_HW/Bayesian.py[line:80] - INFO: true:1|pred:6|result:False
2020-12-15 13:16:54,194 - D:/Codes/pycharm/PR_HW/Bayesian.py[line:112] - DEBUG: result of the picture is: {'0': 224.11434936523438, '1': 359.5744934082031, '2': 291.9766845703125, '3': 274.8645324707031, '4': 265.4443359375, '5': 254.11795043945312, '6': 242.22193908691406, '7': 319.4068908691406, '8': 262.6542053222656, '9': 302.9507141113281}
2020-12-15 13:16:54,195 - D:/Codes/pycharm/PR_HW/Bayesian.py[line:80] - INFO: true:1|pred:1|result:True
2020-12-15 13:16:54,337 - D:/Codes/pycharm/PR_HW/Bayesian.py[line:112] - DEBUG: result of the picture is: {'0': 247.4747314453125, '1': 316.08038330078125, '2': 264.9753112792969, '3': 254.2559356689453, '4': 212.65289306640625, '5': 254.64834594726562, '6': 269.1816101074219, '7': 292.32916259765625, '8': 258.95074462890625, '9': 276.3593444824219}
2020-12-15 13:16:54,337 - D:/Codes/pycharm/PR_HW/Bayesian.py[line:80] - INFO: true:1|pred:1|result:True
2020-12-15 13:16:54,476 - D:/Codes/pycharm/PR_HW/Bayesian.py[line:112] - DEBUG: result of the picture is: {'0': 216.97250366210938, '1': 346.5628967285156, '2': 277.43402099609375, '3': 266.4844665527344, '4': 256.0665588378906, '5': 243.6830596923828, '6': 233.07089233398438, '7': 308.2731018066406, '8': 249.36566162109375, '9': 291.51959228515625}
2020-12-15 13:16:54,476 - D:/Codes/pycharm/PR_HW/Bayesian.py[line:80] - INFO: true:1|pred:1|result:True
2020-12-15 13:16:54,612 - D:/Codes/pycharm/PR_HW/Bayesian.py[line:112] - DEBUG: result of the picture is: {'0': 203.00379943847656, '1': 327.69189453125, '2': 262.1204528808594, '3': 252.30885314941406, '4': 232.22068786621094, '5': 229.654052734375, '6': 222.20880126953125, '7': 295.7520446777344, '8': 242.2929229736328, '9': 278.7720642089844}
2020-12-15 13:16:54,613 - D:/Codes/pycharm/PR_HW/Bayesian.py[line:80] - INFO: true:1|pred:1|result:True
2020-12-15 13:16:54,767 - D:/Codes/pycharm/PR_HW/Bayesian.py[line:112] - DEBUG: result of the picture is: {'0': 205.89129638671875, '1': 320.64044189453125, '2': 269.334228515625, '3': 258.93505859375, '4': 242.17918395996094, '5': 232.79598999023438, '6': 226.71353149414062, '7': 294.9375305175781, '8': 243.49378967285156, '9': 269.85009765625}
2020-12-15 13:16:54,767 - D:/Codes/pycharm/PR_HW/Bayesian.py[line:80] - INFO: true:1|pred:1|result:True
2020-12-15 13:16:54,909 - D:/Codes/pycharm/PR_HW/Bayesian.py[line:112] - DEBUG: result of the picture is: {'0': 229.35836791992188, '1': 267.9443664550781, '2': 232.22450256347656, '3': 232.15322875976562, '4': 167.06033325195312, '5': 236.28248596191406, '6': 255.2747344970703, '7': 238.16209411621094, '8': 234.43453979492188, '9': 203.70321655273438}
2020-12-15 13:16:54,909 - D:/Codes/pycharm/PR_HW/Bayesian.py[line:80] - INFO: true:1|pred:1|result:True
2020-12-15 13:16:55,046 - D:/Codes/pycharm/PR_HW/Bayesian.py[line:112] - DEBUG: result of the picture is: {'0': 210.7981414794922, '1': 348.1202392578125, '2': 269.77935791015625, '3': 260.2539978027344, '4': 234.73846435546875, '5': 236.45481872558594, '6': 237.8726806640625, '7': 294.2999267578125, '8': 247.30120849609375, '9': 284.2684631347656}
2020-12-15 13:16:55,046 - D:/Codes/pycharm/PR_HW/Bayesian.py[line:80] - INFO: true:1|pred:1|result:True
2020-12-15 13:16:55,205 - D:/Codes/pycharm/PR_HW/Bayesian.py[line:112] - DEBUG: result of the picture is: {'0': 173.95602416992188, '1': 225.86300659179688, '2': 266.02130126953125, '3': 205.20675659179688, '4': 191.4239044189453, '5': 180.72845458984375, '6': 193.860595703125, '7': 221.47914123535156, '8': 220.493408203125, '9': 187.5482940673828}
2020-12-15 13:16:55,206 - D:/Codes/pycharm/PR_HW/Bayesian.py[line:80] - INFO: true:2|pred:2|result:True
2020-12-15 13:16:55,341 - D:/Codes/pycharm/PR_HW/Bayesian.py[line:112] - DEBUG: result of the picture is: {'0': 231.24884033203125, '1': 272.8553771972656, '2': 263.8793640136719, '3': 233.38327026367188, '4': 187.81781005859375, '5': 238.0288848876953, '6': 245.01712036132812, '7': 233.4098663330078, '8': 238.24072265625, '9': 215.40914916992188}
2020-12-15 13:16:55,341 - D:/Codes/pycharm/PR_HW/Bayesian.py[line:80] - INFO: true:2|pred:1|result:False
2020-12-15 13:16:55,476 - D:/Codes/pycharm/PR_HW/Bayesian.py[line:112] - DEBUG: result of the picture is: {'0': 178.73919677734375, '1': 233.0119171142578, '2': 276.8170471191406, '3': 205.94366455078125, '4': 171.17347717285156, '5': 190.01690673828125, '6': 198.91888427734375, '7': 226.8143310546875, '8': 231.13279724121094, '9': 202.34776306152344}
2020-12-15 13:16:55,476 - D:/Codes/pycharm/PR_HW/Bayesian.py[line:80] - INFO: true:2|pred:2|result:True
2020-12-15 13:16:55,620 - D:/Codes/pycharm/PR_HW/Bayesian.py[line:112] - DEBUG: result of the picture is: {'0': 110.0233154296875, '1': 151.9326629638672, '2': 230.08177185058594, '3': 155.15377807617188, '4': 119.6558609008789, '5': 125.24130249023438, '6': 133.57034301757812, '7': 153.36514282226562, '8': 180.5754852294922, '9': 130.46759033203125}
2020-12-15 13:16:55,620 - D:/Codes/pycharm/PR_HW/Bayesian.py[line:80] - INFO: true:2|pred:2|result:True
2020-12-15 13:16:55,760 - D:/Codes/pycharm/PR_HW/Bayesian.py[line:112] - DEBUG: result of the picture is: {'0': 185.67164611816406, '1': 199.0275421142578, '2': 254.92523193359375, '3': 227.28472900390625, '4': 170.8190460205078, '5': 216.24029541015625, '6': 191.31732177734375, '7': 224.19386291503906, '8': 197.9358673095703, '9': 196.78067016601562}
2020-12-15 13:16:55,760 - D:/Codes/pycharm/PR_HW/Bayesian.py[line:80] - INFO: true:2|pred:2|result:True
2020-12-15 13:16:55,900 - D:/Codes/pycharm/PR_HW/Bayesian.py[line:112] - DEBUG: result of the picture is: {'0': 207.1308135986328, '1': 268.8567199707031, '2': 270.269775390625, '3': 222.06964111328125, '4': 196.76673889160156, '5': 218.2669219970703, '6': 231.98153686523438, '7': 230.41387939453125, '8': 237.79452514648438, '9': 217.7174072265625}
2020-12-15 13:16:55,900 - D:/Codes/pycharm/PR_HW/Bayesian.py[line:80] - INFO: true:2|pred:2|result:True
2020-12-15 13:16:56,035 - D:/Codes/pycharm/PR_HW/Bayesian.py[line:112] - DEBUG: result of the picture is: {'0': 148.21795654296875, '1': 191.13299560546875, '2': 220.89508056640625, '3': 157.48072814941406, '4': 143.7880401611328, '5': 144.25155639648438, '6': 206.21600341796875, '7': 169.12811279296875, '8': 205.82949829101562, '9': 141.80015563964844}
2020-12-15 13:16:56,035 - D:/Codes/pycharm/PR_HW/Bayesian.py[line:80] - INFO: true:2|pred:2|result:True
2020-12-15 13:16:56,179 - D:/Codes/pycharm/PR_HW/Bayesian.py[line:112] - DEBUG: result of the picture is: {'0': 155.4310302734375, '1': 212.3478546142578, '2': 215.5216064453125, '3': 193.10348510742188, '4': 182.67367553710938, '5': 137.474365234375, '6': 168.6812286376953, '7': 233.0653533935547, '8': 217.15855407714844, '9': 212.78941345214844}
2020-12-15 13:16:56,179 - D:/Codes/pycharm/PR_HW/Bayesian.py[line:80] - INFO: true:2|pred:7|result:False
2020-12-15 13:16:56,317 - D:/Codes/pycharm/PR_HW/Bayesian.py[line:112] - DEBUG: result of the picture is: {'0': 245.40020751953125, '1': 215.78782653808594, '2': 220.3565673828125, '3': 193.38169860839844, '4': 194.90016174316406, '5': 226.41188049316406, '6': 239.82652282714844, '7': 191.98793029785156, '8': 239.7537841796875, '9': 201.09622192382812}
2020-12-15 13:16:56,317 - D:/Codes/pycharm/PR_HW/Bayesian.py[line:80] - INFO: true:2|pred:0|result:False
2020-12-15 13:16:56,451 - D:/Codes/pycharm/PR_HW/Bayesian.py[line:112] - DEBUG: result of the picture is: {'0': 168.25927734375, '1': 184.21072387695312, '2': 231.19004821777344, '3': 181.74420166015625, '4': 118.23685455322266, '5': 177.90164184570312, '6': 199.47738647460938, '7': 190.47283935546875, '8': 199.82479858398438, '9': 155.1826934814453}
2020-12-15 13:16:56,451 - D:/Codes/pycharm/PR_HW/Bayesian.py[line:80] - INFO: true:2|pred:2|result:True
2020-12-15 13:16:56,589 - D:/Codes/pycharm/PR_HW/Bayesian.py[line:112] - DEBUG: result of the picture is: {'0': 205.3184051513672, '1': 251.59970092773438, '2': 256.8968200683594, '3': 252.3094482421875, '4': 196.26925659179688, '5': 235.68038940429688, '6': 245.6929931640625, '7': 256.42156982421875, '8': 250.8925018310547, '9': 244.17025756835938}
2020-12-15 13:16:56,589 - D:/Codes/pycharm/PR_HW/Bayesian.py[line:80] - INFO: true:3|pred:2|result:False
2020-12-15 13:16:56,732 - D:/Codes/pycharm/PR_HW/Bayesian.py[line:112] - DEBUG: result of the picture is: {'0': 201.2489471435547, '1': 257.8671569824219, '2': 252.35861206054688, '3': 260.66796875, '4': 191.05860900878906, '5': 247.5606689453125, '6': 247.59364318847656, '7': 232.966796875, '8': 254.07150268554688, '9': 222.01942443847656}
2020-12-15 13:16:56,732 - D:/Codes/pycharm/PR_HW/Bayesian.py[line:80] - INFO: true:3|pred:3|result:True
2020-12-15 13:16:56,867 - D:/Codes/pycharm/PR_HW/Bayesian.py[line:112] - DEBUG: result of the picture is: {'0': 207.92318725585938, '1': 235.4810333251953, '2': 244.4359130859375, '3': 271.5793762207031, '4': 195.4471893310547, '5': 257.1607360839844, '6': 248.0647735595703, '7': 227.3603973388672, '8': 253.58123779296875, '9': 226.97207641601562}
2020-12-15 13:16:56,868 - D:/Codes/pycharm/PR_HW/Bayesian.py[line:80] - INFO: true:3|pred:3|result:True
2020-12-15 13:16:57,003 - D:/Codes/pycharm/PR_HW/Bayesian.py[line:112] - DEBUG: result of the picture is: {'0': 181.49664306640625, '1': 237.84437561035156, '2': 248.01626586914062, '3': 278.1230773925781, '4': 205.81703186035156, '5': 252.6693572998047, '6': 232.03968811035156, '7': 223.4482421875, '8': 254.8704833984375, '9': 229.7556915283203}
2020-12-15 13:16:57,003 - D:/Codes/pycharm/PR_HW/Bayesian.py[line:80] - INFO: true:3|pred:3|result:True
2020-12-15 13:16:57,146 - D:/Codes/pycharm/PR_HW/Bayesian.py[line:112] - DEBUG: result of the picture is: {'0': 176.34963989257812, '1': 128.00901794433594, '2': 131.42556762695312, '3': 149.53750610351562, '4': 103.66324615478516, '5': 178.9137420654297, '6': 141.99473571777344, '7': 126.63494110107422, '8': 139.92466735839844, '9': 146.8223876953125}
2020-12-15 13:16:57,146 - D:/Codes/pycharm/PR_HW/Bayesian.py[line:80] - INFO: true:3|pred:5|result:False
2020-12-15 13:16:57,282 - D:/Codes/pycharm/PR_HW/Bayesian.py[line:112] - DEBUG: result of the picture is: {'0': 201.736572265625, '1': 219.13938903808594, '2': 260.203857421875, '3': 248.27296447753906, '4': 182.25978088378906, '5': 241.4842987060547, '6': 232.18368530273438, '7': 217.75491333007812, '8': 249.80508422851562, '9': 212.76443481445312}
2020-12-15 13:16:57,283 - D:/Codes/pycharm/PR_HW/Bayesian.py[line:80] - INFO: true:3|pred:2|result:False
2020-12-15 13:16:57,418 - D:/Codes/pycharm/PR_HW/Bayesian.py[line:112] - DEBUG: result of the picture is: {'0': 185.76239013671875, '1': 204.19825744628906, '2': 239.83914184570312, '3': 258.5406799316406, '4': 196.3299560546875, '5': 216.8255615234375, '6': 214.5701446533203, '7': 242.76849365234375, '8': 228.76516723632812, '9': 223.9918670654297}
2020-12-15 13:16:57,418 - D:/Codes/pycharm/PR_HW/Bayesian.py[line:80] - INFO: true:3|pred:3|result:True
2020-12-15 13:16:57,566 - D:/Codes/pycharm/PR_HW/Bayesian.py[line:112] - DEBUG: result of the picture is: {'0': 160.98309326171875, '1': 179.52931213378906, '2': 204.5543975830078, '3': 224.50405883789062, '4': 150.05517578125, '5': 203.42767333984375, '6': 186.7635955810547, '7': 212.32919311523438, '8': 217.71060180664062, '9': 199.89920043945312}
2020-12-15 13:16:57,566 - D:/Codes/pycharm/PR_HW/Bayesian.py[line:80] - INFO: true:3|pred:3|result:True
2020-12-15 13:16:57,703 - D:/Codes/pycharm/PR_HW/Bayesian.py[line:112] - DEBUG: result of the picture is: {'0': 155.23507690429688, '1': 170.6868896484375, '2': 198.9395294189453, '3': 246.0189208984375, '4': 164.13523864746094, '5': 213.87890625, '6': 169.7703857421875, '7': 170.67236328125, '8': 165.019287109375, '9': 160.28562927246094}
2020-12-15 13:16:57,703 - D:/Codes/pycharm/PR_HW/Bayesian.py[line:80] - INFO: true:3|pred:3|result:True
2020-12-15 13:16:57,845 - D:/Codes/pycharm/PR_HW/Bayesian.py[line:112] - DEBUG: result of the picture is: {'0': 111.73989868164062, '1': 128.7672576904297, '2': 158.2519989013672, '3': 228.0562286376953, '4': 120.46025848388672, '5': 168.2003936767578, '6': 160.70217895507812, '7': 159.02105712890625, '8': 168.07675170898438, '9': 162.35818481445312}
2020-12-15 13:16:57,845 - D:/Codes/pycharm/PR_HW/Bayesian.py[line:80] - INFO: true:3|pred:3|result:True
2020-12-15 13:16:57,979 - D:/Codes/pycharm/PR_HW/Bayesian.py[line:112] - DEBUG: result of the picture is: {'0': 121.7214126586914, '1': 115.6586685180664, '2': 92.83048248291016, '3': 110.74027252197266, '4': 152.2394561767578, '5': 114.92500305175781, '6': 112.0978012084961, '7': 120.01050567626953, '8': 138.0602264404297, '9': 116.31546020507812}
2020-12-15 13:16:57,979 - D:/Codes/pycharm/PR_HW/Bayesian.py[line:80] - INFO: true:4|pred:4|result:True
2020-12-15 13:16:58,114 - D:/Codes/pycharm/PR_HW/Bayesian.py[line:112] - DEBUG: result of the picture is: {'0': 155.32994079589844, '1': 163.39662170410156, '2': 162.42205810546875, '3': 127.73518371582031, '4': 205.62889099121094, '5': 122.87435150146484, '6': 128.98707580566406, '7': 139.60646057128906, '8': 159.2072296142578, '9': 149.106201171875}
2020-12-15 13:16:58,114 - D:/Codes/pycharm/PR_HW/Bayesian.py[line:80] - INFO: true:4|pred:4|result:True
2020-12-15 13:16:58,251 - D:/Codes/pycharm/PR_HW/Bayesian.py[line:112] - DEBUG: result of the picture is: {'0': 107.10818481445312, '1': 179.00286865234375, '2': 152.3732452392578, '3': 145.35952758789062, '4': 184.98106384277344, '5': 142.54530334472656, '6': 156.81497192382812, '7': 155.477294921875, '8': 153.89154052734375, '9': 148.5460205078125}
2020-12-15 13:16:58,251 - D:/Codes/pycharm/PR_HW/Bayesian.py[line:80] - INFO: true:4|pred:4|result:True
2020-12-15 13:16:58,400 - D:/Codes/pycharm/PR_HW/Bayesian.py[line:112] - DEBUG: result of the picture is: {'0': 149.78787231445312, '1': 130.3902130126953, '2': 151.67198181152344, '3': 145.62644958496094, '4': 233.04969787597656, '5': 156.97271728515625, '6': 156.97665405273438, '7': 135.17588806152344, '8': 147.75634765625, '9': 139.72959899902344}
2020-12-15 13:16:58,401 - D:/Codes/pycharm/PR_HW/Bayesian.py[line:80] - INFO: true:4|pred:4|result:True
2020-12-15 13:16:58,535 - D:/Codes/pycharm/PR_HW/Bayesian.py[line:112] - DEBUG: result of the picture is: {'0': 171.57431030273438, '1': 181.9936065673828, '2': 173.36105346679688, '3': 165.2825164794922, '4': 211.0732879638672, '5': 158.83566284179688, '6': 158.48870849609375, '7': 160.76760864257812, '8': 183.16082763671875, '9': 184.3696746826172}
2020-12-15 13:16:58,535 - D:/Codes/pycharm/PR_HW/Bayesian.py[line:80] - INFO: true:4|pred:4|result:True
2020-12-15 13:16:58,672 - D:/Codes/pycharm/PR_HW/Bayesian.py[line:112] - DEBUG: result of the picture is: {'0': 173.66517639160156, '1': 198.30123901367188, '2': 197.0748291015625, '3': 189.16900634765625, '4': 251.7376251220703, '5': 181.6207275390625, '6': 185.91766357421875, '7': 191.0048370361328, '8': 184.4135284423828, '9': 193.7227020263672}
2020-12-15 13:16:58,672 - D:/Codes/pycharm/PR_HW/Bayesian.py[line:80] - INFO: true:4|pred:4|result:True
2020-12-15 13:16:58,817 - D:/Codes/pycharm/PR_HW/Bayesian.py[line:112] - DEBUG: result of the picture is: {'0': 158.98475646972656, '1': 191.07135009765625, '2': 198.77926635742188, '3': 181.92164611816406, '4': 258.0625305175781, '5': 167.2847442626953, '6': 201.20736694335938, '7': 177.06170654296875, '8': 187.28683471679688, '9': 194.72396850585938}
2020-12-15 13:16:58,817 - D:/Codes/pycharm/PR_HW/Bayesian.py[line:80] - INFO: true:4|pred:4|result:True
2020-12-15 13:16:58,954 - D:/Codes/pycharm/PR_HW/Bayesian.py[line:112] - DEBUG: result of the picture is: {'0': 113.75704193115234, '1': 178.01266479492188, '2': 179.24705505371094, '3': 145.51785278320312, '4': 227.3447265625, '5': 144.58555603027344, '6': 166.0477294921875, '7': 142.2529754638672, '8': 177.43218994140625, '9': 169.67921447753906}
2020-12-15 13:16:58,954 - D:/Codes/pycharm/PR_HW/Bayesian.py[line:80] - INFO: true:4|pred:4|result:True
2020-12-15 13:16:59,091 - D:/Codes/pycharm/PR_HW/Bayesian.py[line:112] - DEBUG: result of the picture is: {'0': 166.8282012939453, '1': 57.36809539794922, '2': 114.76850891113281, '3': 130.67660522460938, '4': 123.31292724609375, '5': 128.58169555664062, '6': 147.32672119140625, '7': 61.81124496459961, '8': 115.30538940429688, '9': 73.06289672851562}
2020-12-15 13:16:59,091 - D:/Codes/pycharm/PR_HW/Bayesian.py[line:80] - INFO: true:4|pred:0|result:False
2020-12-15 13:16:59,237 - D:/Codes/pycharm/PR_HW/Bayesian.py[line:112] - DEBUG: result of the picture is: {'0': 173.6837615966797, '1': 151.2661590576172, '2': 180.27444458007812, '3': 183.15145874023438, '4': 227.12783813476562, '5': 174.90106201171875, '6': 197.61048889160156, '7': 157.7476806640625, '8': 168.9994354248047, '9': 160.99964904785156}
2020-12-15 13:16:59,237 - D:/Codes/pycharm/PR_HW/Bayesian.py[line:80] - INFO: true:4|pred:4|result:True
2020-12-15 13:16:59,374 - D:/Codes/pycharm/PR_HW/Bayesian.py[line:112] - DEBUG: result of the picture is: {'0': 194.3215789794922, '1': 137.9127197265625, '2': 184.13095092773438, '3': 209.473876953125, '4': 112.49007415771484, '5': 238.1718292236328, '6': 173.94387817382812, '7': 136.4863739013672, '8': 182.95672607421875, '9': 177.04603576660156}
2020-12-15 13:16:59,374 - D:/Codes/pycharm/PR_HW/Bayesian.py[line:80] - INFO: true:5|pred:5|result:True
2020-12-15 13:16:59,512 - D:/Codes/pycharm/PR_HW/Bayesian.py[line:112] - DEBUG: result of the picture is: {'0': 221.03729248046875, '1': 137.36463928222656, '2': 169.62841796875, '3': 166.14706420898438, '4': 121.21188354492188, '5': 224.35475158691406, '6': 173.4755859375, '7': 143.903564453125, '8': 160.79278564453125, '9': 186.31626892089844}
2020-12-15 13:16:59,513 - D:/Codes/pycharm/PR_HW/Bayesian.py[line:80] - INFO: true:5|pred:5|result:True
2020-12-15 13:16:59,656 - D:/Codes/pycharm/PR_HW/Bayesian.py[line:112] - DEBUG: result of the picture is: {'0': 126.47274017333984, '1': 81.3492202758789, '2': 116.49407958984375, '3': 173.59896850585938, '4': 122.70177459716797, '5': 180.77066040039062, '6': 169.2677459716797, '7': 60.16569519042969, '8': 130.81890869140625, '9': 118.10869598388672}
2020-12-15 13:16:59,656 - D:/Codes/pycharm/PR_HW/Bayesian.py[line:80] - INFO: true:5|pred:5|result:True
2020-12-15 13:16:59,791 - D:/Codes/pycharm/PR_HW/Bayesian.py[line:112] - DEBUG: result of the picture is: {'0': 213.72698974609375, '1': 135.75833129882812, '2': 172.1709442138672, '3': 190.7951202392578, '4': 133.63577270507812, '5': 226.27561950683594, '6': 214.83755493164062, '7': 115.8182373046875, '8': 168.205810546875, '9': 178.0765380859375}
2020-12-15 13:16:59,792 - D:/Codes/pycharm/PR_HW/Bayesian.py[line:80] - INFO: true:5|pred:5|result:True
2020-12-15 13:16:59,928 - D:/Codes/pycharm/PR_HW/Bayesian.py[line:112] - DEBUG: result of the picture is: {'0': 214.16073608398438, '1': 227.51303100585938, '2': 241.47250366210938, '3': 227.54336547851562, '4': 164.8515167236328, '5': 271.1851806640625, '6': 231.49407958984375, '7': 202.170654296875, '8': 235.98849487304688, '9': 221.51048278808594}
2020-12-15 13:16:59,929 - D:/Codes/pycharm/PR_HW/Bayesian.py[line:80] - INFO: true:5|pred:5|result:True
2020-12-15 13:17:00,066 - D:/Codes/pycharm/PR_HW/Bayesian.py[line:112] - DEBUG: result of the picture is: {'0': 177.48483276367188, '1': 188.75381469726562, '2': 229.68038940429688, '3': 168.3386993408203, '4': 171.2877960205078, '5': 207.40692138671875, '6': 205.63436889648438, '7': 202.1193084716797, '8': 215.46432495117188, '9': 223.9013671875}
2020-12-15 13:17:00,066 - D:/Codes/pycharm/PR_HW/Bayesian.py[line:80] - INFO: true:5|pred:2|result:False
2020-12-15 13:17:00,204 - D:/Codes/pycharm/PR_HW/Bayesian.py[line:112] - DEBUG: result of the picture is: {'0': 194.36383056640625, '1': 101.57567596435547, '2': 131.06076049804688, '3': 121.03168487548828, '4': 108.41593933105469, '5': 168.9193115234375, '6': 117.32640075683594, '7': 132.4949493408203, '8': 128.19924926757812, '9': 166.24266052246094}
2020-12-15 13:17:00,204 - D:/Codes/pycharm/PR_HW/Bayesian.py[line:80] - INFO: true:5|pred:0|result:False
2020-12-15 13:17:00,339 - D:/Codes/pycharm/PR_HW/Bayesian.py[line:112] - DEBUG: result of the picture is: {'0': 192.39224243164062, '1': 180.8550567626953, '2': 216.45501708984375, '3': 210.47906494140625, '4': 127.48086547851562, '5': 255.13206481933594, '6': 221.8542938232422, '7': 160.66436767578125, '8': 219.26904296875, '9': 191.5738067626953}
2020-12-15 13:17:00,339 - D:/Codes/pycharm/PR_HW/Bayesian.py[line:80] - INFO: true:5|pred:5|result:True
2020-12-15 13:17:00,490 - D:/Codes/pycharm/PR_HW/Bayesian.py[line:112] - DEBUG: result of the picture is: {'0': 176.2515411376953, '1': 191.36973571777344, '2': 193.66171264648438, '3': 196.46824645996094, '4': 170.1488037109375, '5': 223.4693603515625, '6': 228.58192443847656, '7': 169.5989227294922, '8': 207.82769775390625, '9': 219.93431091308594}
2020-12-15 13:17:00,491 - D:/Codes/pycharm/PR_HW/Bayesian.py[line:80] - INFO: true:5|pred:6|result:False
2020-12-15 13:17:00,625 - D:/Codes/pycharm/PR_HW/Bayesian.py[line:112] - DEBUG: result of the picture is: {'0': 199.611572265625, '1': 161.3704376220703, '2': 193.3818817138672, '3': 215.41390991210938, '4': 108.32545471191406, '5': 242.46124267578125, '6': 192.37628173828125, '7': 153.8550262451172, '8': 171.90737915039062, '9': 172.66952514648438}
2020-12-15 13:17:00,625 - D:/Codes/pycharm/PR_HW/Bayesian.py[line:80] - INFO: true:5|pred:5|result:True
2020-12-15 13:17:00,763 - D:/Codes/pycharm/PR_HW/Bayesian.py[line:112] - DEBUG: result of the picture is: {'0': 208.6913604736328, '1': 204.78050231933594, '2': 219.62135314941406, '3': 195.98463439941406, '4': 180.10032653808594, '5': 216.78158569335938, '6': 246.35748291015625, '7': 201.5047149658203, '8': 238.49264526367188, '9': 224.49070739746094}
2020-12-15 13:17:00,763 - D:/Codes/pycharm/PR_HW/Bayesian.py[line:80] - INFO: true:6|pred:6|result:True
2020-12-15 13:17:00,906 - D:/Codes/pycharm/PR_HW/Bayesian.py[line:112] - DEBUG: result of the picture is: {'0': 224.96363830566406, '1': 215.94700622558594, '2': 229.1172332763672, '3': 187.9960174560547, '4': 177.2603302001953, '5': 213.39654541015625, '6': 260.2480163574219, '7': 180.21441650390625, '8': 218.9058074951172, '9': 180.7942657470703}
2020-12-15 13:17:00,906 - D:/Codes/pycharm/PR_HW/Bayesian.py[line:80] - INFO: true:6|pred:6|result:True
2020-12-15 13:17:01,042 - D:/Codes/pycharm/PR_HW/Bayesian.py[line:112] - DEBUG: result of the picture is: {'0': 200.06578063964844, '1': 168.13865661621094, '2': 207.42742919921875, '3': 195.86724853515625, '4': 159.2622833251953, '5': 218.68609619140625, '6': 259.5897521972656, '7': 156.4658203125, '8': 214.70339965820312, '9': 162.88365173339844}
2020-12-15 13:17:01,042 - D:/Codes/pycharm/PR_HW/Bayesian.py[line:80] - INFO: true:6|pred:6|result:True
2020-12-15 13:17:01,178 - D:/Codes/pycharm/PR_HW/Bayesian.py[line:112] - DEBUG: result of the picture is: {'0': 177.73434448242188, '1': 209.91343688964844, '2': 159.3699188232422, '3': 192.37478637695312, '4': 164.70162963867188, '5': 197.17474365234375, '6': 159.61253356933594, '7': 177.74432373046875, '8': 161.6954345703125, '9': 179.9291229248047}
2020-12-15 13:17:01,178 - D:/Codes/pycharm/PR_HW/Bayesian.py[line:80] - INFO: true:6|pred:1|result:False
2020-12-15 13:17:01,322 - D:/Codes/pycharm/PR_HW/Bayesian.py[line:112] - DEBUG: result of the picture is: {'0': 168.774658203125, '1': 216.47166442871094, '2': 208.55027770996094, '3': 218.68853759765625, '4': 160.74632263183594, '5': 198.54391479492188, '6': 211.24131774902344, '7': 178.9104766845703, '8': 232.0659942626953, '9': 187.10662841796875}
2020-12-15 13:17:01,322 - D:/Codes/pycharm/PR_HW/Bayesian.py[line:80] - INFO: true:6|pred:8|result:False
2020-12-15 13:17:01,457 - D:/Codes/pycharm/PR_HW/Bayesian.py[line:112] - DEBUG: result of the picture is: {'0': 193.87313842773438, '1': 156.4752655029297, '2': 204.81954956054688, '3': 179.45635986328125, '4': 186.32745361328125, '5': 180.92453002929688, '6': 247.6505889892578, '7': 164.3979949951172, '8': 226.565185546875, '9': 171.17506408691406}
2020-12-15 13:17:01,457 - D:/Codes/pycharm/PR_HW/Bayesian.py[line:80] - INFO: true:6|pred:6|result:True
2020-12-15 13:17:01,594 - D:/Codes/pycharm/PR_HW/Bayesian.py[line:112] - DEBUG: result of the picture is: {'0': 180.67861938476562, '1': 164.72129821777344, '2': 191.3430938720703, '3': 188.43978881835938, '4': 123.7169418334961, '5': 208.0665283203125, '6': 236.6072235107422, '7': 130.69996643066406, '8': 199.36151123046875, '9': 127.15227508544922}
2020-12-15 13:17:01,594 - D:/Codes/pycharm/PR_HW/Bayesian.py[line:80] - INFO: true:6|pred:6|result:True
2020-12-15 13:17:01,731 - D:/Codes/pycharm/PR_HW/Bayesian.py[line:112] - DEBUG: result of the picture is: {'0': 229.16024780273438, '1': 194.38047790527344, '2': 217.07933044433594, '3': 222.88739013671875, '4': 151.07350158691406, '5': 234.01795959472656, '6': 273.3085632324219, '7': 166.51942443847656, '8': 224.15528869628906, '9': 156.8452606201172}
2020-12-15 13:17:01,731 - D:/Codes/pycharm/PR_HW/Bayesian.py[line:80] - INFO: true:6|pred:6|result:True
2020-12-15 13:17:01,886 - D:/Codes/pycharm/PR_HW/Bayesian.py[line:112] - DEBUG: result of the picture is: {'0': 167.9864959716797, '1': 130.50198364257812, '2': 173.16790771484375, '3': 192.18455505371094, '4': 115.59678649902344, '5': 208.70005798339844, '6': 249.16268920898438, '7': 99.62309265136719, '8': 189.12179565429688, '9': 124.87803649902344}
2020-12-15 13:17:01,886 - D:/Codes/pycharm/PR_HW/Bayesian.py[line:80] - INFO: true:6|pred:6|result:True
2020-12-15 13:17:02,020 - D:/Codes/pycharm/PR_HW/Bayesian.py[line:112] - DEBUG: result of the picture is: {'0': 229.1588134765625, '1': 242.9936981201172, '2': 235.99551391601562, '3': 208.29324340820312, '4': 173.68670654296875, '5': 234.01190185546875, '6': 271.61944580078125, '7': 217.5701141357422, '8': 238.28375244140625, '9': 208.765380859375}
2020-12-15 13:17:02,020 - D:/Codes/pycharm/PR_HW/Bayesian.py[line:80] - INFO: true:6|pred:6|result:True
2020-12-15 13:17:02,162 - D:/Codes/pycharm/PR_HW/Bayesian.py[line:112] - DEBUG: result of the picture is: {'0': 240.75244140625, '1': 237.49464416503906, '2': 251.146484375, '3': 267.1812744140625, '4': 224.26429748535156, '5': 257.9864196777344, '6': 221.52279663085938, '7': 279.3961181640625, '8': 235.4820556640625, '9': 248.2803192138672}
2020-12-15 13:17:02,162 - D:/Codes/pycharm/PR_HW/Bayesian.py[line:80] - INFO: true:7|pred:7|result:True
2020-12-15 13:17:02,299 - D:/Codes/pycharm/PR_HW/Bayesian.py[line:112] - DEBUG: result of the picture is: {'0': 226.19647216796875, '1': 217.9026336669922, '2': 213.73587036132812, '3': 226.24700927734375, '4': 197.10231018066406, '5': 224.58009338378906, '6': 212.64111328125, '7': 286.6335754394531, '8': 206.393798828125, '9': 235.9735870361328}
2020-12-15 13:17:02,299 - D:/Codes/pycharm/PR_HW/Bayesian.py[line:80] - INFO: true:7|pred:7|result:True
2020-12-15 13:17:02,434 - D:/Codes/pycharm/PR_HW/Bayesian.py[line:112] - DEBUG: result of the picture is: {'0': 208.8197021484375, '1': 210.41725158691406, '2': 193.23587036132812, '3': 204.12408447265625, '4': 203.1072235107422, '5': 198.1375732421875, '6': 180.75167846679688, '7': 283.8451232910156, '8': 170.5782012939453, '9': 212.40194702148438}
2020-12-15 13:17:02,434 - D:/Codes/pycharm/PR_HW/Bayesian.py[line:80] - INFO: true:7|pred:7|result:True
2020-12-15 13:17:02,570 - D:/Codes/pycharm/PR_HW/Bayesian.py[line:112] - DEBUG: result of the picture is: {'0': 191.34292602539062, '1': 148.8423309326172, '2': 124.67587280273438, '3': 170.05718994140625, '4': 113.60721588134766, '5': 150.3547821044922, '6': 134.47518920898438, '7': 170.20582580566406, '8': 104.56515502929688, '9': 130.39002990722656}
2020-12-15 13:17:02,571 - D:/Codes/pycharm/PR_HW/Bayesian.py[line:80] - INFO: true:7|pred:0|result:False
2020-12-15 13:17:02,705 - D:/Codes/pycharm/PR_HW/Bayesian.py[line:112] - DEBUG: result of the picture is: {'0': 221.34259033203125, '1': 239.45199584960938, '2': 261.37127685546875, '3': 260.6024169921875, '4': 232.404296875, '5': 242.67076110839844, '6': 212.68234252929688, '7': 288.4914245605469, '8': 242.59713745117188, '9': 255.7077178955078}
2020-12-15 13:17:02,705 - D:/Codes/pycharm/PR_HW/Bayesian.py[line:80] - INFO: true:7|pred:7|result:True
2020-12-15 13:17:02,840 - D:/Codes/pycharm/PR_HW/Bayesian.py[line:112] - DEBUG: result of the picture is: {'0': 203.1993865966797, '1': 237.29415893554688, '2': 230.99142456054688, '3': 224.72708129882812, '4': 223.17391967773438, '5': 210.60809326171875, '6': 191.85757446289062, '7': 318.49114990234375, '8': 205.56448364257812, '9': 244.76681518554688}
2020-12-15 13:17:02,840 - D:/Codes/pycharm/PR_HW/Bayesian.py[line:80] - INFO: true:7|pred:7|result:True
2020-12-15 13:17:02,976 - D:/Codes/pycharm/PR_HW/Bayesian.py[line:112] - DEBUG: result of the picture is: {'0': 120.85939025878906, '1': 104.94525146484375, '2': 81.20431518554688, '3': 106.97393798828125, '4': 79.85607147216797, '5': 98.04328155517578, '6': 76.3670654296875, '7': 132.6147003173828, '8': 55.373077392578125, '9': 88.67520141601562}
2020-12-15 13:17:02,976 - D:/Codes/pycharm/PR_HW/Bayesian.py[line:80] - INFO: true:7|pred:7|result:True
2020-12-15 13:17:03,131 - D:/Codes/pycharm/PR_HW/Bayesian.py[line:112] - DEBUG: result of the picture is: {'0': 222.98904418945312, '1': 190.3289337158203, '2': 170.47267150878906, '3': 189.18246459960938, '4': 150.8449249267578, '5': 186.76837158203125, '6': 176.8738250732422, '7': 237.80105590820312, '8': 147.04656982421875, '9': 183.9040985107422}
2020-12-15 13:17:03,131 - D:/Codes/pycharm/PR_HW/Bayesian.py[line:80] - INFO: true:7|pred:7|result:True
2020-12-15 13:17:03,280 - D:/Codes/pycharm/PR_HW/Bayesian.py[line:112] - DEBUG: result of the picture is: {'0': 246.2114715576172, '1': 199.81204223632812, '2': 212.27914428710938, '3': 225.630859375, '4': 200.0194549560547, '5': 232.41529846191406, '6': 186.42303466796875, '7': 206.78695678710938, '8': 183.4727325439453, '9': 200.2982177734375}
2020-12-15 13:17:03,280 - D:/Codes/pycharm/PR_HW/Bayesian.py[line:80] - INFO: true:7|pred:0|result:False
2020-12-15 13:17:03,415 - D:/Codes/pycharm/PR_HW/Bayesian.py[line:112] - DEBUG: result of the picture is: {'0': 247.62704467773438, '1': 206.6430206298828, '2': 189.52133178710938, '3': 220.91000366210938, '4': 181.79861450195312, '5': 220.064697265625, '6': 179.28111267089844, '7': 187.8651580810547, '8': 157.85311889648438, '9': 176.4270477294922}
2020-12-15 13:17:03,416 - D:/Codes/pycharm/PR_HW/Bayesian.py[line:80] - INFO: true:7|pred:0|result:False
2020-12-15 13:17:03,549 - D:/Codes/pycharm/PR_HW/Bayesian.py[line:112] - DEBUG: result of the picture is: {'0': 174.44541931152344, '1': 174.6217498779297, '2': 201.52883911132812, '3': 175.4379425048828, '4': 134.4602813720703, '5': 228.19931030273438, '6': 241.882568359375, '7': 138.56793212890625, '8': 200.49362182617188, '9': 169.19332885742188}
2020-12-15 13:17:03,550 - D:/Codes/pycharm/PR_HW/Bayesian.py[line:80] - INFO: true:8|pred:6|result:False
2020-12-15 13:17:03,685 - D:/Codes/pycharm/PR_HW/Bayesian.py[line:112] - DEBUG: result of the picture is: {'0': 162.8374481201172, '1': 182.11717224121094, '2': 219.50704956054688, '3': 216.54891967773438, '4': 149.0966033935547, '5': 230.0308074951172, '6': 214.25868225097656, '7': 161.40072631835938, '8': 240.13417053222656, '9': 185.04702758789062}
2020-12-15 13:17:03,685 - D:/Codes/pycharm/PR_HW/Bayesian.py[line:80] - INFO: true:8|pred:8|result:True
2020-12-15 13:17:03,841 - D:/Codes/pycharm/PR_HW/Bayesian.py[line:112] - DEBUG: result of the picture is: {'0': 164.90968322753906, '1': 104.42101287841797, '2': 159.3902587890625, '3': 161.67681884765625, '4': 125.37980651855469, '5': 186.216552734375, '6': 174.33522033691406, '7': 129.84007263183594, '8': 199.42953491210938, '9': 192.25599670410156}
2020-12-15 13:17:03,842 - D:/Codes/pycharm/PR_HW/Bayesian.py[line:80] - INFO: true:8|pred:8|result:True
2020-12-15 13:17:03,979 - D:/Codes/pycharm/PR_HW/Bayesian.py[line:112] - DEBUG: result of the picture is: {'0': 133.7243194580078, '1': 142.1289825439453, '2': 154.3287353515625, '3': 107.74037170410156, '4': 137.5080108642578, '5': 143.53665161132812, '6': 181.11273193359375, '7': 145.29103088378906, '8': 195.481201171875, '9': 176.1239776611328}
2020-12-15 13:17:03,979 - D:/Codes/pycharm/PR_HW/Bayesian.py[line:80] - INFO: true:8|pred:8|result:True
2020-12-15 13:17:04,115 - D:/Codes/pycharm/PR_HW/Bayesian.py[line:112] - DEBUG: result of the picture is: {'0': 146.79100036621094, '1': 206.18060302734375, '2': 205.86903381347656, '3': 242.1598358154297, '4': 138.4872283935547, '5': 224.0662384033203, '6': 201.44349670410156, '7': 177.0225830078125, '8': 228.20065307617188, '9': 214.0622100830078}
2020-12-15 13:17:04,115 - D:/Codes/pycharm/PR_HW/Bayesian.py[line:80] - INFO: true:8|pred:3|result:False
2020-12-15 13:17:04,253 - D:/Codes/pycharm/PR_HW/Bayesian.py[line:112] - DEBUG: result of the picture is: {'0': 194.7124786376953, '1': 156.0273895263672, '2': 182.674560546875, '3': 191.18997192382812, '4': 147.70436096191406, '5': 197.34228515625, '6': 199.34861755371094, '7': 199.02992248535156, '8': 227.89495849609375, '9': 193.58656311035156}
2020-12-15 13:17:04,253 - D:/Codes/pycharm/PR_HW/Bayesian.py[line:80] - INFO: true:8|pred:8|result:True
2020-12-15 13:17:04,405 - D:/Codes/pycharm/PR_HW/Bayesian.py[line:112] - DEBUG: result of the picture is: {'0': 134.43524169921875, '1': 88.58313751220703, '2': 123.18761444091797, '3': 146.3629150390625, '4': 109.00415802001953, '5': 132.84585571289062, '6': 138.94808959960938, '7': 135.3684844970703, '8': 139.84378051757812, '9': 161.3004608154297}
2020-12-15 13:17:04,405 - D:/Codes/pycharm/PR_HW/Bayesian.py[line:80] - INFO: true:8|pred:9|result:False
2020-12-15 13:17:04,542 - D:/Codes/pycharm/PR_HW/Bayesian.py[line:112] - DEBUG: result of the picture is: {'0': 70.20963287353516, '1': 119.41141510009766, '2': 176.96690368652344, '3': 176.86236572265625, '4': 111.06342315673828, '5': 147.886474609375, '6': 123.42455291748047, '7': 140.601806640625, '8': 176.9080352783203, '9': 167.69134521484375}
2020-12-15 13:17:04,542 - D:/Codes/pycharm/PR_HW/Bayesian.py[line:80] - INFO: true:8|pred:2|result:False
2020-12-15 13:17:04,680 - D:/Codes/pycharm/PR_HW/Bayesian.py[line:112] - DEBUG: result of the picture is: {'0': 51.837196350097656, '1': 97.36983489990234, '2': 139.25198364257812, '3': 156.57859802246094, '4': 93.70832061767578, '5': 104.08313751220703, '6': 108.28961944580078, '7': 130.62062072753906, '8': 167.819091796875, '9': 169.58963012695312}
2020-12-15 13:17:04,681 - D:/Codes/pycharm/PR_HW/Bayesian.py[line:80] - INFO: true:8|pred:9|result:False
2020-12-15 13:17:04,817 - D:/Codes/pycharm/PR_HW/Bayesian.py[line:112] - DEBUG: result of the picture is: {'0': 102.128173828125, '1': 155.70140075683594, '2': 191.50450134277344, '3': 202.9084930419922, '4': 139.67381286621094, '5': 174.5098876953125, '6': 165.95907592773438, '7': 148.1649169921875, '8': 212.9881591796875, '9': 214.72433471679688}
2020-12-15 13:17:04,818 - D:/Codes/pycharm/PR_HW/Bayesian.py[line:80] - INFO: true:8|pred:9|result:False
2020-12-15 13:17:04,956 - D:/Codes/pycharm/PR_HW/Bayesian.py[line:112] - DEBUG: result of the picture is: {'0': 194.38357543945312, '1': 286.4238586425781, '2': 257.4770812988281, '3': 252.22055053710938, '4': 214.66029357910156, '5': 263.3675537109375, '6': 212.007568359375, '7': 266.9869689941406, '8': 248.86090087890625, '9': 270.400390625}
2020-12-15 13:17:04,956 - D:/Codes/pycharm/PR_HW/Bayesian.py[line:80] - INFO: true:9|pred:1|result:False
2020-12-15 13:17:05,116 - D:/Codes/pycharm/PR_HW/Bayesian.py[line:112] - DEBUG: result of the picture is: {'0': 167.02017211914062, '1': 171.7715301513672, '2': 203.5559539794922, '3': 236.3635711669922, '4': 172.49639892578125, '5': 248.8771209716797, '6': 204.93309020996094, '7': 184.48460388183594, '8': 250.903076171875, '9': 249.9645538330078}
2020-12-15 13:17:05,116 - D:/Codes/pycharm/PR_HW/Bayesian.py[line:80] - INFO: true:9|pred:8|result:False
2020-12-15 13:17:05,269 - D:/Codes/pycharm/PR_HW/Bayesian.py[line:112] - DEBUG: result of the picture is: {'0': 189.13890075683594, '1': 241.5601348876953, '2': 216.0018310546875, '3': 211.40872192382812, '4': 187.97154235839844, '5': 224.7373809814453, '6': 212.2589874267578, '7': 244.27114868164062, '8': 235.82667541503906, '9': 299.5386047363281}
2020-12-15 13:17:05,269 - D:/Codes/pycharm/PR_HW/Bayesian.py[line:80] - INFO: true:9|pred:9|result:True
2020-12-15 13:17:05,416 - D:/Codes/pycharm/PR_HW/Bayesian.py[line:112] - DEBUG: result of the picture is: {'0': 177.43896484375, '1': 178.04803466796875, '2': 212.81007385253906, '3': 230.5363311767578, '4': 192.34945678710938, '5': 230.84474182128906, '6': 207.44313049316406, '7': 222.2519073486328, '8': 250.1263427734375, '9': 275.6376953125}
2020-12-15 13:17:05,416 - D:/Codes/pycharm/PR_HW/Bayesian.py[line:80] - INFO: true:9|pred:9|result:True
2020-12-15 13:17:05,564 - D:/Codes/pycharm/PR_HW/Bayesian.py[line:112] - DEBUG: result of the picture is: {'0': 209.9484405517578, '1': 188.67538452148438, '2': 187.23960876464844, '3': 177.79295349121094, '4': 158.31387329101562, '5': 187.97842407226562, '6': 215.2283172607422, '7': 191.980712890625, '8': 218.57850646972656, '9': 239.9375762939453}
2020-12-15 13:17:05,564 - D:/Codes/pycharm/PR_HW/Bayesian.py[line:80] - INFO: true:9|pred:9|result:True
2020-12-15 13:17:05,711 - D:/Codes/pycharm/PR_HW/Bayesian.py[line:112] - DEBUG: result of the picture is: {'0': 116.02825164794922, '1': 153.07489013671875, '2': 157.80966186523438, '3': 173.26327514648438, '4': 150.7097625732422, '5': 164.52369689941406, '6': 147.181640625, '7': 171.73037719726562, '8': 215.7248077392578, '9': 241.96929931640625}
2020-12-15 13:17:05,712 - D:/Codes/pycharm/PR_HW/Bayesian.py[line:80] - INFO: true:9|pred:9|result:True
2020-12-15 13:17:05,884 - D:/Codes/pycharm/PR_HW/Bayesian.py[line:112] - DEBUG: result of the picture is: {'0': 186.17276000976562, '1': 186.4936065673828, '2': 212.35049438476562, '3': 240.1495361328125, '4': 184.0185546875, '5': 254.62518310546875, '6': 207.8983612060547, '7': 213.35528564453125, '8': 243.51048278808594, '9': 252.5934600830078}
2020-12-15 13:17:05,884 - D:/Codes/pycharm/PR_HW/Bayesian.py[line:80] - INFO: true:9|pred:5|result:False
2020-12-15 13:17:06,049 - D:/Codes/pycharm/PR_HW/Bayesian.py[line:112] - DEBUG: result of the picture is: {'0': 175.64488220214844, '1': 150.57913208007812, '2': 175.80467224121094, '3': 193.8988494873047, '4': 190.53614807128906, '5': 198.55670166015625, '6': 177.0638427734375, '7': 203.92227172851562, '8': 214.54751586914062, '9': 256.3443603515625}
2020-12-15 13:17:06,049 - D:/Codes/pycharm/PR_HW/Bayesian.py[line:80] - INFO: true:9|pred:9|result:True
2020-12-15 13:17:06,216 - D:/Codes/pycharm/PR_HW/Bayesian.py[line:112] - DEBUG: result of the picture is: {'0': 196.80694580078125, '1': 181.39614868164062, '2': 166.89535522460938, '3': 213.8378143310547, '4': 139.5572509765625, '5': 224.0087890625, '6': 161.37106323242188, '7': 178.87538146972656, '8': 166.91796875, '9': 191.51541137695312}
2020-12-15 13:17:06,216 - D:/Codes/pycharm/PR_HW/Bayesian.py[line:80] - INFO: true:9|pred:5|result:False
2020-12-15 13:17:06,368 - D:/Codes/pycharm/PR_HW/Bayesian.py[line:112] - DEBUG: result of the picture is: {'0': 141.003173828125, '1': 88.82433319091797, '2': 92.41132354736328, '3': 147.86476135253906, '4': 129.50271606445312, '5': 139.69790649414062, '6': 140.06700134277344, '7': 122.28841400146484, '8': 153.11679077148438, '9': 163.7009735107422}
2020-12-15 13:17:06,368 - D:/Codes/pycharm/PR_HW/Bayesian.py[line:80] - INFO: true:9|pred:9|result:True
2020-12-15 13:17:06,368 - D:/Codes/pycharm/PR_HW/Bayesian.py[line:85] - INFO: accuracy of the dataset is: 72.0%
2020-12-15 13:17:06,368 - D:/Codes/pycharm/PR_HW/Bayesian.py[line:86] - INFO: ====== testing over ======
