2020-12-29 14:18:43,167 - D:\Codes\pycharm\PR_HW\kernel.py[line:22] - INFO: loading methods ...
2020-12-29 14:18:43,183 - D:\Codes\pycharm\PR_HW\Bayesian.py[line:48] - INFO: data pretrained, 
2020-12-29 14:18:44,006 - D:\Codes\pycharm\PR_HW\Bayesian.py[line:158] - INFO: NaiveBayesian model loaded
2020-12-29 14:18:44,006 - D:\Codes\pycharm\PR_HW\Fisher.py[line:122] - INFO: data pretrained, 
2020-12-29 14:18:44,028 - D:\Codes\pycharm\PR_HW\Fisher.py[line:206] - INFO: VoteFisher model loaded
2020-12-29 14:18:44,154 - D:\Codes\pycharm\PR_HW\Fisher.py[line:237] - INFO: data pretrained, 
2020-12-29 14:18:44,220 - D:\Codes\pycharm\PR_HW\Fisher.py[line:337] - INFO: MultiFisher model loaded
2020-12-29 14:18:44,292 - D:\Codes\pycharm\PR_HW\kernel.py[line:30] - INFO: scikit-learn fisher model loaded
2020-12-29 14:18:44,765 - D:\Codes\pycharm\PR_HW\kernel.py[line:35] - INFO: cnn model loaded
2020-12-29 17:34:57,203 - D:\Codes\pycharm\PR_HW\kernel.py[line:22] - INFO: loading methods ...
2020-12-29 17:34:57,223 - D:\Codes\pycharm\PR_HW\Bayesian.py[line:48] - INFO: data pretrained, 
2020-12-29 17:34:57,596 - D:\Codes\pycharm\PR_HW\Bayesian.py[line:158] - INFO: NaiveBayesian model loaded
2020-12-29 17:34:57,596 - D:\Codes\pycharm\PR_HW\Fisher.py[line:122] - INFO: data pretrained, 
2020-12-29 17:34:57,601 - D:\Codes\pycharm\PR_HW\Fisher.py[line:206] - INFO: VoteFisher model loaded
2020-12-29 17:34:57,691 - D:\Codes\pycharm\PR_HW\Fisher.py[line:237] - INFO: data pretrained, 
2020-12-29 17:34:57,692 - D:\Codes\pycharm\PR_HW\Fisher.py[line:337] - INFO: MultiFisher model loaded
2020-12-29 17:34:57,698 - D:\Codes\pycharm\PR_HW\kernel.py[line:30] - INFO: scikit-learn fisher model loaded
2020-12-29 17:34:57,843 - D:\Codes\pycharm\PR_HW\kernel.py[line:35] - INFO: cnn model loaded
2020-12-29 20:00:28,324 - D:\Codes\pycharm\PR_HW\kernel.py[line:22] - INFO: loading methods ...
2020-12-29 20:00:28,344 - D:\Codes\pycharm\PR_HW\Bayesian.py[line:48] - INFO: data pretrained, 
2020-12-29 20:00:29,221 - D:\Codes\pycharm\PR_HW\Bayesian.py[line:158] - INFO: NaiveBayesian model loaded
2020-12-29 20:00:29,221 - D:\Codes\pycharm\PR_HW\Fisher.py[line:122] - INFO: data pretrained, 
2020-12-29 20:00:29,227 - D:\Codes\pycharm\PR_HW\Fisher.py[line:206] - INFO: VoteFisher model loaded
2020-12-29 20:00:29,362 - D:\Codes\pycharm\PR_HW\Fisher.py[line:237] - INFO: data pretrained, 
2020-12-29 20:00:29,363 - D:\Codes\pycharm\PR_HW\Fisher.py[line:337] - INFO: MultiFisher model loaded
2020-12-29 20:00:29,369 - D:\Codes\pycharm\PR_HW\kernel.py[line:30] - INFO: scikit-learn fisher model loaded
2020-12-29 20:00:29,489 - D:\Codes\pycharm\PR_HW\kernel.py[line:35] - INFO: cnn model loaded
